<?xml version="1.0" encoding="UTF-8"?>
<!-- Generated by org.testng.reporters.JUnitReportReporter -->
<testsuite hostname="LAPTOP-0FPC52LK" failures="0" tests="2" name="SeleniumEasy.TestAutomation.CheckBoxDemo" time="71.309" errors="0" timestamp="2021-07-23T17:53:09 IST" skipped="0">
  <testcase classname="SeleniumEasy.TestAutomation.CheckBoxDemo" name="clickMultipleCheckBoxDemo" time="68.249"/>
  <system-out/>
  <testcase classname="SeleniumEasy.TestAutomation.CheckBoxDemo" name="clickSingleCheckBoxDemo" time="3.060"/>
  <system-out/>
</testsuite> <!-- SeleniumEasy.TestAutomation.CheckBoxDemo -->
