<?xml version="1.0" encoding="UTF-8"?>
<!-- Generated by org.testng.reporters.JUnitReportReporter -->
<testsuite hostname="LAPTOP-0FPC52LK" failures="0" tests="2" name="SeleniumEasy.TestAutomation.RadioButtonDemo" time="33.141" errors="0" timestamp="2021-07-23T20:57:42 IST" skipped="0">
  <testcase classname="SeleniumEasy.TestAutomation.RadioButtonDemo" name="groupRadioBtnDemo" time="30.357"/>
  <system-out/>
  <testcase classname="SeleniumEasy.TestAutomation.RadioButtonDemo" name="radioBtnDemo" time="2.784"/>
  <system-out/>
</testsuite> <!-- SeleniumEasy.TestAutomation.RadioButtonDemo -->
