<?xml version="1.0" encoding="UTF-8"?>
<!-- Generated by org.testng.reporters.JUnitReportReporter -->
<testsuite hostname="LAPTOP-0FPC52LK" failures="0" tests="1" name="SeleniumEasy.TestAutomation.JQuerySelectDropdown" time="6.296" errors="0" timestamp="2021-07-25T13:39:50 IST" skipped="0">
  <testcase classname="SeleniumEasy.TestAutomation.JQuerySelectDropdown" name="selectCountry" time="6.296"/>
  <system-out/>
</testsuite> <!-- SeleniumEasy.TestAutomation.JQuerySelectDropdown -->
