<?xml version="1.0" encoding="UTF-8"?>
<!-- Generated by org.testng.reporters.JUnitReportReporter -->
<testsuite hostname="LAPTOP-0FPC52LK" failures="0" tests="2" name="SeleniumEasy.TestAutomation.SimpleFormDemo" time="4.702" errors="0" timestamp="2021-07-22T16:37:23 IST" skipped="0">
  <testcase classname="SeleniumEasy.TestAutomation.SimpleFormDemo" name="twoInputField" time="0.454"/>
  <system-out/>
  <testcase classname="SeleniumEasy.TestAutomation.SimpleFormDemo" name="singleInputField" time="4.248"/>
  <system-out/>
</testsuite> <!-- SeleniumEasy.TestAutomation.SimpleFormDemo -->
