<?xml version="1.0" encoding="UTF-8"?>
<!-- Generated by org.testng.reporters.JUnitReportReporter -->
<testsuite hostname="LAPTOP-0FPC52LK" failures="0" tests="1" name="SeleniumEasy.TestAutomation.TablePagination" time="2.542" errors="0" timestamp="2021-07-26T12:41:34 IST" skipped="0">
  <testcase classname="SeleniumEasy.TestAutomation.TablePagination" name="tablePagination" time="2.542"/>
  <system-out/>
</testsuite> <!-- SeleniumEasy.TestAutomation.TablePagination -->
