<?xml version="1.0" encoding="UTF-8"?>
<!-- Generated by org.testng.reporters.JUnitReportReporter -->
<testsuite hostname="LAPTOP-0FPC52LK" failures="0" tests="1" name="SeleniumEasy.TestAutomation.InputFormSubmit" time="12.301" errors="0" timestamp="2021-07-24T18:59:40 IST" skipped="0">
  <testcase classname="SeleniumEasy.TestAutomation.InputFormSubmit" name="inputFormSubmit" time="12.301"/>
  <system-out/>
</testsuite> <!-- SeleniumEasy.TestAutomation.InputFormSubmit -->
